<?xml version="1.0" encoding="UTF-8"?>
<testsuite xmlns:xsi="http://www.w3.org/2001/XMLSchema-instance" xsi:noNamespaceSchemaLocation="https://maven.apache.org/surefire/maven-surefire-plugin/xsd/surefire-test-report-3.0.xsd" version="3.0" name="TestSuite" time="302.527" tests="11" errors="0" skipped="0" failures="1">
  <properties>
[...]
</properties>
  <testcase name="signUpPageTitleTest" classname="com.Testcases.SignUpPageTest" time="0.033"/>
  <testcase name="clickCreateAccountTest" classname="com.Testcases.SignUpPageTest" time="5.766"/>
  <testcase name="clickCreateAccountTest" classname="com.Testcases.SignUpPageTest" time="6.257"/>
  <testcase name="clickCreateAccountTest" classname="com.Testcases.SignUpPageTest" time="4.932"/>
  <testcase name="MyAccountPageTitleTest" classname="com.Testcases.MyAccountPageTest" time="0.037"/>
  <testcase name="signInBtnClickTest" classname="com.Testcases.MyAccountPageTest" time="6.43"/>
  <testcase name="signInPageTitleTest" classname="com.Testcases.SignInPageTest" time="0.097"/>
  <testcase name="signInTest" classname="com.Testcases.SignInPageTest" time="0.881"/>
  <testcase name="searchingTest" classname="com.Testcases.HomePageTest" time="43.527"/>
  <testcase name="signInTest" classname="com.Testcases.SignOutPageTest" time="5.113"/>
  <testcase name="signOutTest" classname="com.Testcases.SignOutPageTest" time="41.973">
    <failure message="Unable to locate element: Sign out&#10;For documentation on this error, please visit: https://www.seleniumhq.org/exceptions/no_such_element.html&#10;Build info: version: &apos;3.141.59&apos;, revision: &apos;e82be7d358&apos;, time: &apos;2018-11-14T08:17:03&apos;&#10;System info: host: &apos;DESKTOP-RE3TD97&apos;, ip: &apos;192.168.1.11&apos;, os.name: &apos;Windows 10&apos;, os.arch: &apos;amd64&apos;, os.version: &apos;10.0&apos;, java.version: &apos;12.0.2&apos;&#10;Driver info: org.openqa.selenium.firefox.FirefoxDriver&#10;Capabilities {acceptInsecureCerts: true, browserName: firefox, browserVersion: 69.0.2, capabilities: {desiredCapabilities: {acceptInsecureCerts: true, browserName: firefox}}, javascriptEnabled: true, moz:accessibilityChecks: false, moz:buildID: 20191001234643, moz:headless: false, moz:processID: 13948, moz:profile: C:\Users\juhip\AppData\Loca..., moz:shutdownTimeout: 60000, moz:useNonSpecCompliantPointerOrigin: false, moz:webdriverClick: true, pageLoadStrategy: normal, platform: WINDOWS, platformName: WINDOWS, platformVersion: 10.0, rotatable: false, setWindowRect: true, strictFileInteractability: false, timeouts: {implicit: 0, pageLoad: 300000, script: 30000}, unhandledPromptBehavior: dismiss and notify}&#10;Session ID: 851e6320-1cdc-4564-8675-9fa3780160f7&#10;*** Element info: {Using=link text, value=Sign out}" type="org.openqa.selenium.NoSuchElementException">org.openqa.selenium.NoSuchElementException: 
Unable to locate element: Sign out
For documentation on this error, please visit: https://www.seleniumhq.org/exceptions/no_such_element.html
Build info: version: '3.141.59', revision: 'e82be7d358', time: '2018-11-14T08:17:03'
System info: host: 'DESKTOP-RE3TD97', ip: '192.168.1.11', os.name: 'Windows 10', os.arch: 'amd64', os.version: '10.0', java.version: '12.0.2'
Driver info: org.openqa.selenium.firefox.FirefoxDriver
Capabilities {acceptInsecureCerts: true, browserName: firefox, browserVersion: 69.0.2, capabilities: {desiredCapabilities: {acceptInsecureCerts: true, browserName: firefox}}, javascriptEnabled: true, moz:accessibilityChecks: false, moz:buildID: 20191001234643, moz:headless: false, moz:processID: 13948, moz:profile: C:\Users\juhip\AppData\Loca..., moz:shutdownTimeout: 60000, moz:useNonSpecCompliantPointerOrigin: false, moz:webdriverClick: true, pageLoadStrategy: normal, platform: WINDOWS, platformName: WINDOWS, platformVersion: 10.0, rotatable: false, setWindowRect: true, strictFileInteractability: false, timeouts: {implicit: 0, pageLoad: 300000, script: 30000}, unhandledPromptBehavior: dismiss and notify}
Session ID: 851e6320-1cdc-4564-8675-9fa3780160f7
*** Element info: {Using=link text, value=Sign out}
	at com.Testcases.SignOutPageTest.signOutTest(SignOutPageTest.java:41)
</failure>
    <system-err><![CDATA[1570287583684	Marionette	DEBUG	0 -> [0,17,"Marionette:Quit",{"flags":["eForceQuit"]}]
1570287583685	Marionette	INFO	Stopped listening on port 58432
1570287583957	Marionette	TRACE	Received observer notification quit-application
1570287583963	Marionette	DEBUG	0 <- [1,17,null,{"cause":"shutdown"}]
[Parent 13660, Gecko_IOThread] WARNING: pipe error: 109: file z:/task_1569974145/build/src/ipc/chromium/src/chrome/common/ipc_channel_win.cc, line 341
[Child 9328, Chrome_ChildThread] WARNING: pipe error: 109: file z:/task_1569974145/build/src/ipc/chromium/src/chrome/common/ipc_channel_win.cc, line 341
[Child 9328, Chrome_ChildThread1570287584034	Marionette	DEBUG	0 -> [0,18,"Marionette:Quit",{"flags":["eForceQuit"]}]
1570287584036	Marionette	DEBUG	0 <- [1,18,{"error":"invalid session id","message":"Tried to run command without establishing a connection","stacktrace":"WebDrive ... t@chrome://marionette/content/server.js:249:9\n_onJSONObjectReady/<@chrome://marionette/content/transport.js:503:20\n"},null]
1570287584055	Marionette	DEBUG	Closed connection 0
[Child 18424, Chrome_ChildThread] WARNING: pipe error: 109: file z:/task_1569974145/build/src/ipc/chromium/src/chrome/common/ipc_channel_win.cc, line 341
[Parent 13660, Gecko_IOThread] WARNING: pipe error: 109: file z:/task_1569974145/build/src/ipc/chromium/src/chrome/common/ipc_channel_win.cc, line 341
[Child 9296, Chrome_ChildThread] WARNING: pipe error: 109: file z:/task_1569974145/build/src/ipc/chromium/src/chrome/common/ipc_channel_win.cc, line 341
[Child 9296, Chrome_ChildThread] WARNING: pipe error: 109: f1570287585084	Marionette	TRACE	Received observer notification xpcom-will-shutdown
1570287585084	Marionette	DEBUG	Resetting recommended pref app.update.disabledForTesting
1570287585085	Marionette	DEBUG	Resetting recommended pref apz.content_response_timeout
1570287585085	Marionette	DEBUG	Resetting recommended pref browser.contentblocking.introCount
1570287585086	Marionette	DEBUG	Resetting recommended pref browser.download.panel.shown
1570287585086	Marionette	DEBUG	Resetting recommended pref browser.newtabpage.enabled
1570287585087	Marionette	DEBUG	Resetting recommended pref browser.pagethumbnails.capturing_disabled
1570287585087	Marionette	DEBUG	Resetting recommended pref browser.search.update
1570287585087	Marionette	DEBUG	Resetting recommended pref browser.tabs.disableBackgroundZombification
1570287585088	Marionette	DEBUG	Resetting recommended pref browser.tabs.remote.separatePrivilegedContentProcess
1570287585088	Marionette	DEBUG	Resetting recommended pref browser.tabs.unloadOnLowMemory
1570287585088	Marionette	DEBUG	Resetting recommended pref browser.tabs.warnOnCloseOtherTabs
1570287585088	Marionette	DEBUG	Resetting recommended pref browser.tabs.warnOnOpen
1570287585089	Marionette	DEBUG	Resetting recommended pref browser.usedOnWindows10.introURL
1570287585089	Marionette	DEBUG	Resetting recommended pref browser.urlbar.suggest.searches
1570287585090	Marionette	DEBUG	Resetting recommended pref datareporting.policy.dataSubmissionPolicyAccepted
1570287585090	Marionette	DEBUG	Resetting recommended pref dom.disable_beforeunload
1570287585091	Marionette	DEBUG	Resetting recommended pref dom.disable_open_during_load
1570287585091	Marionette	DEBUG	Resetting recommended pref dom.file.createInChild
1570287585091	Marionette	DEBUG	Resetting recommended pref dom.max_chrome_script_run_time
1570287585091	Marionette	DEBUG	Resetting recommended pref dom.max_script_run_time
1570287585092	Marionette	DEBUG	Resetting recommended pref dom.push.connection.enabled
1570287585092	Marionette	DEBUG	Resetting recommended pref extensions.getAddons.cache.enabled
1570287585093	Marionette	DEBUG	Resetting recommended pref extensions.webservice.discoverURL
1570287585093	Marionette	DEBUG	Resetting recommended pref
 network.http.p###rompt-temp-redirect
1570287585093	Marionette	DEBUG	Resetting recommended pref !!! [Child][RunMessage] Errornetwork.http.speculativ: Channel closing: too e-parallel-limit
157028late to send/recv, message7585093	Marionette	DEBUG	Resetting recos will be lostmmended pref

 privacy.trackingprote[GPU 16724, Cction.enabled
1570287585093	Marionette	DEBUG	Resetthrome_ChildThread] Wing recommended pref security.certerrors.mitm.priming.enabled
1570287585093	Marionette	DEBUG	Resetting recommended pref security.fileuri.strict_origin_policy
1570287585093	Marionette	DEBUG	Resetting recommended pref security.notification_enable_delay
1570287585094	Marionette	DEBUG	Resetting recommended pref signon.autofillForms
1570287585094	Marionette	DEBUG	Resetting recommended pref signon.rememberSignons
1570287585095	Marionette	DEBUG	Resetting recommended pref toolkit.cosmeticAnimations.enabled
1570287585096	Marionette	DEBUG	Remote service is inactive

###!!! [Child][MessageChannel::SendAndWait] Error: Channel error: cannot send/recv

1570287586290	geckodriver	INFO	geckodriver 0.21.0
1570287586312	geckodriver	INFO	Listening on 127.0.0.1:29840
1570287586795	mozrunner::runner	INFO	Running command: "C:\\Program Files\\Mozilla Firefox\\firefox.exe" "-marionette" "-foreground" "-no-remote" "-profile" "C:\\Users\\juhip\\AppData\\Local\\Temp\\rust_mozprofile.kOGbw3vDFIPR"
1570287587575	addons.webextension.screenshots@mozilla.org	WARN	Loading extension 'screenshots@mozilla.org': Reading manifest: Invalid extension permission: mozillaAddons
1570287587575	addons.webextension.screenshots@mozilla.org	WARN	Loading extension 'screenshots@mozilla.org': Reading manifest: Invalid extension permission: telemetry
1570287587576	addons.webextension.screenshots@mozilla.org	WARN	Loading extension 'screenshots@mozilla.org': Reading manifest: Invalid extension permission: resource://pdf.js/
1570287587576	addons.webextension.screenshots@mozilla.org	WARN	Loading extension 'screenshots@mozilla.org': Reading manifest: Invalid extension permission: about:reader*
1570287587744	Marionette	TRACE	Received observer notification profile-after-change
1570287587807	Marionette	TRACE	Received observer notification toplevel-window-ready
1570287587886	Marionette	TRACE	Received observer notification command-line-startup
1570287587887	Marionette	TRACE	Received observer notification nsPref:changed
1570287587887	Marionette	DEBUG	Init aborted (running=false, enabled=true, finalUIStartup=false)
1570287588038	Marionette	TRACE	Received observer notification toplevel-window-ready
JavaScript error: resource://gre/modules/XULStore.jsm, line 66: Error: Can't find profile directory.
1570287590460	Marionette	TRACE	Received observer notification marionette-startup-requested
1570287590460	Marionette	TRACE	Waiting until startup recorder finished recording startup scripts...
1570287590575	Marionette	TRACE	All scripts recorded.
1570287590575	Marionette	DEBUG	Setting recommended pref app.update.disabledForTesting to true
1570287590576	Marionette	DEBUG	Setting recommended pref apz.content_response_timeout to 60000
1570287590576	Marionette	DEBUG	Setting recommended pref browser.contentblocking.introCount to 99
1570287590576	Marionette	DEBUG	Setting recommended pref browser.download.panel.shown to true
1570287590577	Marionette	DEBUG	Setting recommended pref browser.newtabpage.enabled to false
1570287590578	Marionette	DEBUG	Setting recommended pref browser.pagethumbnails.capturing_disabled to true
1570287590579	Marionette	DEBUG	Setting recommended pref browser.search.update to false
1570287590580	Marionette	DEBUG	Setting recommended pref browser.tabs.disableBackgroundZombification to false
1570287590580	Marionette	DEBUG	Setting recommended pref browser.tabs.remote.separatePrivilegedContentProcess to false
1570287590580	Marionette	DEBUG	Setting recommended pref browser.tabs.unloadOnLowMemory to false
1570287590580	Marionette	DEBUG	Setting recommended pref browser.tabs.warnOnCloseOtherTabs to false
1570287590581	Marionette	DEBUG	Setting recommended pref browser.tabs.warnOnOpen to false
1570287590581	Marionette	DEBUG	Setting recommended pref browser.usedOnWindows10.introURL to 
1570287590581	Marionette	DEBUG	Setting recommended pref browser.urlbar.suggest.searches to false
1570287590583	Marionette	DEBUG	Setting recommended pref datareporting.policy.dataSubmissionPolicyAccepted to false
1570287590583	Marionette	DEBUG	Setting recommended pref dom.disable_beforeunload to true
1570287590583	Marionette	DEBUG	Setting recommended pref dom.disable_open_during_load to false
1570287590583	Marionette	DEBUG	Setting recommended pref dom.file.createInChild to true
1570287590584	Marionette	DEBUG	Setting recommended pref dom.max_chrome_script_run_time to 0
1570287590584	Marionette	DEBUG	Setting recommended pref dom.max_script_run_time to 0
1570287590585	Marionette	DEBUG	Setting recommended pref dom.push.connection.enabled to false
1570287590586	Marionette	DEBUG	Setting recommended pref extensions.getAddons.cache.enabled to false
1570287590586	Marionette	DEBUG	Setting recommended pref extensions.webservice.discoverURL to http://%(server)s/dummy/discoveryURL
1570287590586	Marionette	DEBUG	Setting recommended pref network.http.prompt-temp-redirect to false
1570287590586	Marionette	DEBUG	Setting recommended pref network.http.speculative-parallel-limit to 0
1570287590586	Marionette	DEBUG	Setting recommended pref privacy.trackingprotection.enabled to false
1570287590586	Marionette	DEBUG	Setting recommended pref security.certerrors.mitm.priming.enabled to false
1570287590587	Marionette	DEBUG	Setting recommended pref security.fileuri.strict_origin_policy to false
1570287590587	Marionette	DEBUG	Setting recommended pref security.notification_enable_delay to 0
1570287590588	Marionette	DEBUG	Setting recommended pref signon.autofillForms to false
1570287590588	Marionette	DEBUG	Setting recommended pref signon.rememberSignons to false
1570287590589	Marionette	DEBUG	Setting recommended pref toolkit.cosmeticAnimations.enabled to false
1570287590663	Marionette	INFO	Listening on port 58585
1570287590663	Marionette	DEBUG	Remote service is active
1570287591114	Marionette	DEBUG	Accepted connection 0 from 127.0.0.1:58602
1570287591118	Marionette	DEBUG	0 -> [0,1,"WebDriver:NewSession",{"acceptInsecureCerts":true,"browserName":"firefox","capabilities":{"desiredCapabilities":{"acceptInsecureCerts":true,"browserName":"firefox"}}}]
1570287591120	Marionette	WARN	TLS certificate errors will be ignored for this session
1570287591185	Marionette	TRACE	[6442450945] Frame script loaded
1570287591187	Marionette	TRACE	[6442450945] Frame script registered
1570287591199	Marionette	DEBUG	0 <- [1,1,null,{"sessionId":"851e6320-1cdc-4564-8675-9fa3780160f7","capabilities":{"browserName":"firefox","browserVersion":"69.0. ... alse,"moz:webdriverClick":true,"capabilities":{"desiredCapabilities":{"acceptInsecureCerts":true,"browserName":"firefox"}}}}]
Oct. 05, 2019 10:59:51 A.M. org.openqa.selenium.remote.ProtocolHandshake createSession
INFO: Detected dialect: W3C
1570287591219	Marionette	DEBUG	0 -> [0,2,"WebDriver:MaximizeWindow",{}]
1570287591221	Marionette	DEBUG	0 <- [1,2,null,{"x":-7,"y":-7,"width":1295,"height":695}]
1570287591227	Marionette	DEBUG	0 -> [0,3,"WebDriver:DeleteAllCookies",{}]
1570287591229	Marionette	DEBUG	0 <- [1,3,null,{"value":null}]
1570287591236	Marionette	DEBUG	0 -> [0,4,"WebDriver:SetTimeouts",{"pageLoad":40000}]
1570287591237	Marionette	DEBUG	0 <- [1,4,null,{"value":null}]
1570287591244	Marionette	DEBUG	0 -> [0,5,"WebDriver:SetTimeouts",{"implicit":40000}]
1570287591245	Marionette	DEBUG	0 <- [1,5,null,{"value":null}]
1570287591252	Marionette	DEBUG	0 -> [0,6,"WebDriver:Navigate",{"url":"https://www.walmart.ca/en"}]
1570287591268	Marionette	TRACE	[6442450945] Received DOM event beforeunload for about:blank
1570287592280	Marionette	TRACE	[6442450945] Received DOM event pagehide for about:blank
JavaScript error: https://www.walmart.ca/ruxitagentjs_A27SVfqrux_10173190807103944.js, line 1: SyntaxError: expected expression, got '<'
1570287593765	Marionette	TRACE	[6442450945] Received DOM event DOMContentLoaded for https://www.walmart.ca/en
1570287597709	Marionette	TRACE	[6442450945] Received DOM event pageshow for https://www.walmart.ca/en
1570287597714	Marionette	DEBUG	0 <- [1,6,null,{"value":null}]
1570287597737	Marionette	DEBUG	0 -> [0,7,"WebDriver:FindElement",{"using":"link text","value":"Sign out"}]
1570287639678	Marionette	DEBUG	0 <- [1,7,{"error":"no such element","message":"Unable to locate element: Sign out","stacktrace":"WebDriverError@chrome://marionet ... entError@chrome://marionette/content/error.js:387:5\nelement.find/</<@chrome://marionette/content/element.js:343:16\n"},null]
]]></system-err>
  </testcase>
</testsuite>